#
# There is insufficient memory for the Java Runtime Environment to continue.
# Native memory allocation (mmap) failed to map 62914560 bytes for committing reserved memory.
# Possible reasons:
#   The system is out of physical RAM or swap space
#   In 32 bit mode, the process size limit was hit
# Possible solutions:
#   Reduce memory load on the system
#   Increase physical memory or swap space
#   Check if swap backing store is full
#   Use 64 bit Java on a 64 bit OS
#   Decrease Java heap size (-Xmx/-Xms)
#   Decrease number of Java threads
#   Decrease Java thread stack sizes (-Xss)
#   Set larger code cache with -XX:ReservedCodeCacheSize=
# This output file may be truncated or incomplete.
#
#  Out of Memory Error (os_linux.cpp:2643), pid=9552, tid=0x00007f65374f4700
#
# JRE version: OpenJDK Runtime Environment (8.0_131-b11) (build 1.8.0_131-8u131-b11-0ubuntu1.16.04.2-b11)
# Java VM: OpenJDK 64-Bit Server VM (25.131-b11 mixed mode linux-amd64 compressed oops)
# Failed to write core dump. Core dumps have been disabled. To enable core dumping, try "ulimit -c unlimited" before starting Java again
#

---------------  T H R E A D  ---------------

Current thread (0x00007f6560082000):  VMThread [stack: 0x00007f65373f4000,0x00007f65374f5000] [id=9566]

Stack: [0x00007f65373f4000,0x00007f65374f5000],  sp=0x00007f65374f34c0,  free space=1021k
Native frames: (J=compiled Java code, j=interpreted, Vv=VM code, C=native code)
V  [libjvm.so+0xa673eb]
V  [libjvm.so+0x4c3bec]
V  [libjvm.so+0x8b58a0]
V  [libjvm.so+0x8afd1e]
V  [libjvm.so+0x92a856]
V  [libjvm.so+0x92bb83]
V  [libjvm.so+0x928233]
V  [libjvm.so+0x9284fc]
V  [libjvm.so+0x8da393]
V  [libjvm.so+0xa690a2]
V  [libjvm.so+0xa6e187]
V  [libjvm.so+0xa6b957]
V  [libjvm.so+0xa6cddf]
V  [libjvm.so+0xa6d2d1]
V  [libjvm.so+0x8b2d82]

VM_Operation (0x00007f65671ffb10): ParallelGCFailedAllocation, mode: safepoint, requested by thread 0x00007f656000c800


---------------  P R O C E S S  ---------------

Java Threads: ( => current thread )
  0x00007f65600dd800 JavaThread "Service Thread" daemon [_thread_blocked, id=9579, stack(0x00007f65366e4000,0x00007f65367e5000)]
  0x00007f65600d0000 JavaThread "C1 CompilerThread3" daemon [_thread_blocked, id=9578, stack(0x00007f65367e5000,0x00007f65368e6000)]
  0x00007f65600ce000 JavaThread "C2 CompilerThread2" daemon [_thread_blocked, id=9577, stack(0x00007f65368e6000,0x00007f65369e7000)]
  0x00007f65600cc000 JavaThread "C2 CompilerThread1" daemon [_thread_blocked, id=9576, stack(0x00007f65369e7000,0x00007f6536ae8000)]
  0x00007f65600c9800 JavaThread "C2 CompilerThread0" daemon [_thread_blocked, id=9575, stack(0x00007f6536ae8000,0x00007f6536be9000)]
  0x00007f6508001000 JavaThread "JDWP Command Reader" daemon [_thread_in_native, id=9574, stack(0x00007f6536be9000,0x00007f6536cea000)]
  0x00007f65600c7000 JavaThread "JDWP Event Helper Thread" daemon [_thread_blocked, id=9572, stack(0x00007f6536cea000,0x00007f6536deb000)]
  0x00007f65600c3800 JavaThread "JDWP Transport Listener: dt_socket" daemon [_thread_blocked, id=9570, stack(0x00007f6536deb000,0x00007f6536eec000)]
  0x00007f65600b4800 JavaThread "Signal Dispatcher" daemon [_thread_blocked, id=9569, stack(0x00007f65370f1000,0x00007f65371f2000)]
  0x00007f656008e800 JavaThread "Finalizer" daemon [_thread_blocked, id=9568, stack(0x00007f65371f2000,0x00007f65372f3000)]
  0x00007f656008a000 JavaThread "Reference Handler" daemon [_thread_blocked, id=9567, stack(0x00007f65372f3000,0x00007f65373f4000)]
  0x00007f656000c800 JavaThread "main" [_thread_blocked, id=9555, stack(0x00007f6567103000,0x00007f6567204000)]

Other Threads:
=>0x00007f6560082000 VMThread [stack: 0x00007f65373f4000,0x00007f65374f5000] [id=9566]
  0x00007f65600e0000 WatcherThread [stack: 0x00007f65365e3000,0x00007f65366e4000] [id=9580]

VM state:at safepoint (normal execution)

VM Mutex/Monitor currently owned by a thread:  ([mutex/lock_event])
[0x00007f6560008e30] Threads_lock - owner thread: 0x00007f6560082000
[0x00007f6560009330] Heap_lock - owner thread: 0x00007f656000c800

Heap:
 PSYoungGen      total 51200K, used 2016K [0x00000000f0700000, 0x00000000f3b00000, 0x0000000100000000)
  eden space 49152K, 0% used [0x00000000f0700000,0x00000000f0700000,0x00000000f3700000)
  from space 2048K, 98% used [0x00000000f3700000,0x00000000f38f8020,0x00000000f3900000)
  to   space 2048K, 0% used [0x00000000f3900000,0x00000000f3900000,0x00000000f3b00000)
 ParOldGen       total 32768K, used 13096K [0x00000000d1400000, 0x00000000d3400000, 0x00000000f0700000)
  object space 32768K, 39% used [0x00000000d1400000,0x00000000d20ca170,0x00000000d3400000)
 Metaspace       used 15774K, capacity 16102K, committed 16384K, reserved 1062912K
  class space    used 1866K, capacity 1983K, committed 2048K, reserved 1048576K

Card table byte_map: [0x00007f6564015000,0x00007f656418c000] byte_map_base: 0x00007f656398b000

Marking Bits: (ParMarkBitMap*) 0x00007f65663d5260
 Begin Bits: [0x00007f654dd09000, 0x00007f654e8b9000)
 End Bits:   [0x00007f654e8b9000, 0x00007f654f469000)

Polling page: 0x00007f6567227000

CodeCache: size=245760Kb used=8463Kb max_used=8463Kb free=237297Kb
 bounds [0x00007f655012b000, 0x00007f655097b000, 0x00007f655f12b000]
 total_blobs=2732 nmethods=2397 adapters=256
 compilation: enabled

Compilation events (10 events):
Event: 33.503 Thread 0x00007f65600d0000 2406       1       org.apache.maven.model.Model::getInceptionYear (5 bytes)
Event: 33.503 Thread 0x00007f65600d0000 nmethod 2406 0x00007f6550975490 code [0x00007f65509755e0, 0x00007f65509756f0]
Event: 33.503 Thread 0x00007f65600d0000 2402       3       java.util.Collections::singletonList (9 bytes)
Event: 33.504 Thread 0x00007f65600d0000 nmethod 2402 0x00007f6550975750 code [0x00007f65509758e0, 0x00007f6550975bf0]
Event: 33.504 Thread 0x00007f65600d0000 2403       3       java.util.Collections$SingletonList::<init> (10 bytes)
Event: 33.504 Thread 0x00007f65600d0000 nmethod 2403 0x00007f6550975d90 code [0x00007f6550975f00, 0x00007f6550976190]
Event: 33.504 Thread 0x00007f65600d0000 2407       1       org.apache.maven.model.Model::getCiManagement (5 bytes)
Event: 33.504 Thread 0x00007f65600d0000 nmethod 2407 0x00007f65509762d0 code [0x00007f6550976420, 0x00007f6550976530]
Event: 33.504 Thread 0x00007f65600d0000 2400       3       org.apache.maven.model.building.ModelData::setRawModel (6 bytes)
Event: 33.504 Thread 0x00007f65600d0000 nmethod 2400 0x00007f6550976590 code [0x00007f65509766e0, 0x00007f6550976850]

GC Heap History (9 events):
Event: 0.995 GC heap before
{Heap before GC invocations=1 (full 0):
 PSYoungGen      total 14336K, used 12288K [0x00000000f0700000, 0x00000000f1700000, 0x0000000100000000)
  eden space 12288K, 100% used [0x00000000f0700000,0x00000000f1300000,0x00000000f1300000)
  from space 2048K, 0% used [0x00000000f1500000,0x00000000f1500000,0x00000000f1700000)
  to   space 2048K, 0% used [0x00000000f1300000,0x00000000f1300000,0x00000000f1500000)
 ParOldGen       total 32768K, used 0K [0x00000000d1400000, 0x00000000d3400000, 0x00000000f0700000)
  object space 32768K, 0% used [0x00000000d1400000,0x00000000d1400000,0x00000000d3400000)
 Metaspace       used 6195K, capacity 6376K, committed 6400K, reserved 1056768K
  class space    used 692K, capacity 764K, committed 768K, reserved 1048576K
Event: 1.035 GC heap after
Heap after GC invocations=1 (full 0):
 PSYoungGen      total 14336K, used 2031K [0x00000000f0700000, 0x00000000f2300000, 0x0000000100000000)
  eden space 12288K, 0% used [0x00000000f0700000,0x00000000f0700000,0x00000000f1300000)
  from space 2048K, 99% used [0x00000000f1300000,0x00000000f14fbe38,0x00000000f1500000)
  to   space 2048K, 0% used [0x00000000f2100000,0x00000000f2100000,0x00000000f2300000)
 ParOldGen       total 32768K, used 910K [0x00000000d1400000, 0x00000000d3400000, 0x00000000f0700000)
  object space 32768K, 2% used [0x00000000d1400000,0x00000000d14e3888,0x00000000d3400000)
 Metaspace       used 6195K, capacity 6376K, committed 6400K, reserved 1056768K
  class space    used 692K, capacity 764K, committed 768K, reserved 1048576K
}
Event: 1.324 GC heap before
{Heap before GC invocations=2 (full 0):
 PSYoungGen      total 14336K, used 14319K [0x00000000f0700000, 0x00000000f2300000, 0x0000000100000000)
  eden space 12288K, 100% used [0x00000000f0700000,0x00000000f1300000,0x00000000f1300000)
  from space 2048K, 99% used [0x00000000f1300000,0x00000000f14fbe38,0x00000000f1500000)
  to   space 2048K, 0% used [0x00000000f2100000,0x00000000f2100000,0x00000000f2300000)
 ParOldGen       total 32768K, used 910K [0x00000000d1400000, 0x00000000d3400000, 0x00000000f0700000)
  object space 32768K, 2% used [0x00000000d1400000,0x00000000d14e3888,0x00000000d3400000)
 Metaspace       used 7659K, capacity 7848K, committed 7936K, reserved 1056768K
  class space    used 914K, capacity 956K, committed 1024K, reserved 1048576K
Event: 1.362 GC heap after
Heap after GC invocations=2 (full 0):
 PSYoungGen      total 26624K, used 2038K [0x00000000f0700000, 0x00000000f2300000, 0x0000000100000000)
  eden space 24576K, 0% used [0x00000000f0700000,0x00000000f0700000,0x00000000f1f00000)
  from space 2048K, 99% used [0x00000000f2100000,0x00000000f22fdb68,0x00000000f2300000)
  to   space 2048K, 0% used [0x00000000f1f00000,0x00000000f1f00000,0x00000000f2100000)
 ParOldGen       total 32768K, used 1683K [0x00000000d1400000, 0x00000000d3400000, 0x00000000f0700000)
  object space 32768K, 5% used [0x00000000d1400000,0x00000000d15a4e88,0x00000000d3400000)
 Metaspace       used 7659K, capacity 7848K, committed 7936K, reserved 1056768K
  class space    used 914K, capacity 956K, committed 1024K, reserved 1048576K
}
Event: 1.793 GC heap before
{Heap before GC invocations=3 (full 0):
 PSYoungGen      total 26624K, used 26614K [0x00000000f0700000, 0x00000000f2300000, 0x0000000100000000)
  eden space 24576K, 100% used [0x00000000f0700000,0x00000000f1f00000,0x00000000f1f00000)
  from space 2048K, 99% used [0x00000000f2100000,0x00000000f22fdb68,0x00000000f2300000)
  to   space 2048K, 0% used [0x00000000f1f00000,0x00000000f1f00000,0x00000000f2100000)
 ParOldGen       total 32768K, used 1683K [0x00000000d1400000, 0x00000000d3400000, 0x00000000f0700000)
  object space 32768K, 5% used [0x00000000d1400000,0x00000000d15a4e88,0x00000000d3400000)
 Metaspace       used 9871K, capacity 10082K, committed 10240K, reserved 1058816K
  class space    used 1184K, capacity 1251K, committed 1280K, reserved 1048576K
Event: 1.807 GC heap after
Heap after GC invocations=3 (full 0):
 PSYoungGen      total 26624K, used 2048K [0x00000000f0700000, 0x00000000f3b00000, 0x0000000100000000)
  eden space 24576K, 0% used [0x00000000f0700000,0x00000000f0700000,0x00000000f1f00000)
  from space 2048K, 100% used [0x00000000f1f00000,0x00000000f2100000,0x00000000f2100000)
  to   space 2048K, 0% used [0x00000000f3900000,0x00000000f3900000,0x00000000f3b00000)
 ParOldGen       total 32768K, used 4313K [0x00000000d1400000, 0x00000000d3400000, 0x00000000f0700000)
  object space 32768K, 13% used [0x00000000d1400000,0x00000000d1836590,0x00000000d3400000)
 Metaspace       used 9871K, capacity 10082K, committed 10240K, reserved 1058816K
  class space    used 1184K, capacity 1251K, committed 1280K, reserved 1048576K
}
Event: 2.443 GC heap before
{Heap before GC invocations=4 (full 0):
 PSYoungGen      total 26624K, used 26624K [0x00000000f0700000, 0x00000000f3b00000, 0x0000000100000000)
  eden space 24576K, 100% used [0x00000000f0700000,0x00000000f1f00000,0x00000000f1f00000)
  from space 2048K, 100% used [0x00000000f1f00000,0x00000000f2100000,0x00000000f2100000)
  to   space 2048K, 0% used [0x00000000f3900000,0x00000000f3900000,0x00000000f3b00000)
 ParOldGen       total 32768K, used 4313K [0x00000000d1400000, 0x00000000d3400000, 0x00000000f0700000)
  object space 32768K, 13% used [0x00000000d1400000,0x00000000d1836590,0x00000000d3400000)
 Metaspace       used 12989K, capacity 13246K, committed 13568K, reserved 1060864K
  class space    used 1592K, capacity 1679K, committed 1792K, reserved 1048576K
Event: 2.524 GC heap after
Heap after GC invocations=4 (full 0):
 PSYoungGen      total 51200K, used 2032K [0x00000000f0700000, 0x00000000f3b00000, 0x0000000100000000)
  eden space 49152K, 0% used [0x00000000f0700000,0x00000000f0700000,0x00000000f3700000)
  from space 2048K, 99% used [0x00000000f3900000,0x00000000f3afc030,0x00000000f3b00000)
  to   space 2048K, 0% used [0x00000000f3700000,0x00000000f3700000,0x00000000f3900000)
 ParOldGen       total 32768K, used 8316K [0x00000000d1400000, 0x00000000d3400000, 0x00000000f0700000)
  object space 32768K, 25% used [0x00000000d1400000,0x00000000d1c1f260,0x00000000d3400000)
 Metaspace       used 12989K, capacity 13246K, committed 13568K, reserved 1060864K
  class space    used 1592K, capacity 1679K, committed 1792K, reserved 1048576K
}
Event: 33.513 GC heap before
{Heap before GC invocations=5 (full 0):
 PSYoungGen      total 51200K, used 51184K [0x00000000f0700000, 0x00000000f3b00000, 0x0000000100000000)
  eden space 49152K, 100% used [0x00000000f0700000,0x00000000f3700000,0x00000000f3700000)
  from space 2048K, 99% used [0x00000000f3900000,0x00000000f3afc030,0x00000000f3b00000)
  to   space 2048K, 0% used [0x00000000f3700000,0x00000000f3700000,0x00000000f3900000)
 ParOldGen       total 32768K, used 8316K [0x00000000d1400000, 0x00000000d3400000, 0x00000000f0700000)
  object space 32768K, 25% used [0x00000000d1400000,0x00000000d1c1f260,0x00000000d3400000)
 Metaspace       used 15774K, capacity 16102K, committed 16384K, reserved 1062912K
  class space    used 1866K, capacity 1983K, committed 2048K, reserved 1048576K

Deoptimization events (10 events):
Event: 2.981 Thread 0x00007f656000c800 Uncommon trap: reason=unstable_if action=reinterpret pc=0x00007f65504b322c method=java.util.HashMap.hash(Ljava/lang/Object;)I @ 1
Event: 3.008 Thread 0x00007f656000c800 Uncommon trap: reason=unstable_if action=reinterpret pc=0x00007f65505d419c method=sun.nio.cs.UTF_8$Decoder.decode([BII[C)I @ 30
Event: 3.061 Thread 0x00007f656000c800 Uncommon trap: reason=unstable_if action=reinterpret pc=0x00007f655070e6a4 method=org.codehaus.plexus.util.xml.pull.MXParser.nextImpl()I @ 924
Event: 3.062 Thread 0x00007f656000c800 Uncommon trap: reason=null_check action=make_not_entrant pc=0x00007f6550727260 method=org.apache.maven.model.io.xpp3.MavenXpp3Reader.checkFieldWithDuplicate(Lorg/codehaus/plexus/util/xml/pull/XmlPullParser;Ljava/lang/String;Ljava/lang/String;Ljava/util/Se
Event: 3.169 Thread 0x00007f656000c800 Uncommon trap: reason=unstable_if action=reinterpret pc=0x00007f6550754ca4 method=org.codehaus.plexus.util.xml.pull.MXParser.nextImpl()I @ 972
Event: 3.320 Thread 0x00007f656000c800 Uncommon trap: reason=unstable_if action=reinterpret pc=0x00007f6550710b18 method=java.lang.String.trim()Ljava/lang/String; @ 63
Event: 3.451 Thread 0x00007f656000c800 Uncommon trap: reason=unstable_if action=reinterpret pc=0x00007f655055d388 method=java.util.HashMap.getNode(ILjava/lang/Object;)Ljava/util/HashMap$Node; @ 53
Event: 32.818 Thread 0x00007f656000c800 Uncommon trap: reason=bimorphic action=maybe_recompile pc=0x00007f65507fea88 method=java.util.regex.Pattern$BmpCharProperty.match(Ljava/util/regex/Matcher;ILjava/lang/CharSequence;)Z @ 16
Event: 32.818 Thread 0x00007f656000c800 Uncommon trap: reason=bimorphic action=maybe_recompile pc=0x00007f65507fea88 method=java.util.regex.Pattern$BmpCharProperty.match(Ljava/util/regex/Matcher;ILjava/lang/CharSequence;)Z @ 16
Event: 32.818 Thread 0x00007f656000c800 Uncommon trap: reason=bimorphic action=maybe_recompile pc=0x00007f65506b3268 method=java.util.regex.Pattern$CharProperty.match(Ljava/util/regex/Matcher;ILjava/lang/CharSequence;)Z @ 37

Internal exceptions (10 events):
Event: 2.295 Thread 0x00007f656000c800 Exception <a 'java/lang/NoClassDefFoundError': javax/annotation/Priority> (0x00000000f1bf4f08) thrown at [/build/openjdk-8-VTMhfL/openjdk-8-8u131-b11/src/hotspot/src/share/vm/classfile/systemDictionary.cpp, line 199]
Event: 2.678 Thread 0x00007f656000c800 Exception <a 'java/lang/NullPointerException'> (0x00000000f0aa0f38) thrown at [/build/openjdk-8-VTMhfL/openjdk-8-8u131-b11/src/hotspot/src/share/vm/interpreter/linkResolver.cpp, line 1197]
Event: 2.678 Thread 0x00007f656000c800 Exception <a 'java/lang/NullPointerException'> (0x00000000f0aa1150) thrown at [/build/openjdk-8-VTMhfL/openjdk-8-8u131-b11/src/hotspot/src/share/vm/interpreter/linkResolver.cpp, line 1197]
Event: 2.678 Thread 0x00007f656000c800 Exception <a 'java/lang/NullPointerException'> (0x00000000f0aa1368) thrown at [/build/openjdk-8-VTMhfL/openjdk-8-8u131-b11/src/hotspot/src/share/vm/interpreter/linkResolver.cpp, line 1197]
Event: 2.679 Thread 0x00007f656000c800 Exception <a 'java/lang/NullPointerException'> (0x00000000f0ab4bf8) thrown at [/build/openjdk-8-VTMhfL/openjdk-8-8u131-b11/src/hotspot/src/share/vm/interpreter/linkResolver.cpp, line 1197]
Event: 2.679 Thread 0x00007f656000c800 Exception <a 'java/lang/NullPointerException'> (0x00000000f0ab4e10) thrown at [/build/openjdk-8-VTMhfL/openjdk-8-8u131-b11/src/hotspot/src/share/vm/interpreter/linkResolver.cpp, line 1197]
Event: 2.679 Thread 0x00007f656000c800 Exception <a 'java/lang/NullPointerException'> (0x00000000f0ab5028) thrown at [/build/openjdk-8-VTMhfL/openjdk-8-8u131-b11/src/hotspot/src/share/vm/interpreter/linkResolver.cpp, line 1197]
Event: 2.980 Thread 0x00007f656000c800 Implicit null exception at 0x00007f65503e6334 to 0x00007f65503e65bd
Event: 2.981 Thread 0x00007f656000c800 Implicit null exception at 0x00007f65504b31af to 0x00007f65504b321d
Event: 3.062 Thread 0x00007f656000c800 Implicit null exception at 0x00007f6550726c01 to 0x00007f655072723d

Events (10 events):
Event: 33.197 Thread 0x00007f656000c800 DEOPT UNPACKING pc=0x00007f6550172373 sp=0x00007f65671fe378 mode 1
Event: 33.197 Thread 0x00007f656000c800 DEOPT PACKING pc=0x00007f655031b561 sp=0x00007f65671fe6d0
Event: 33.197 Thread 0x00007f656000c800 DEOPT UNPACKING pc=0x00007f6550172373 sp=0x00007f65671fe430 mode 1
Event: 33.197 Thread 0x00007f656000c800 DEOPT PACKING pc=0x00007f6550942954 sp=0x00007f65671fe7f0
Event: 33.197 Thread 0x00007f656000c800 DEOPT UNPACKING pc=0x00007f6550172373 sp=0x00007f65671fe4a8 mode 1
Event: 33.273 Thread 0x00007f656000c800 DEOPT PACKING pc=0x00007f6550901bfc sp=0x00007f6567200e20
Event: 33.273 Thread 0x00007f656000c800 DEOPT UNPACKING pc=0x00007f6550172373 sp=0x00007f6567200cb0 mode 1
Event: 33.273 Thread 0x00007f656000c800 DEOPT PACKING pc=0x00007f6550901bfc sp=0x00007f6567200e20
Event: 33.273 Thread 0x00007f656000c800 DEOPT UNPACKING pc=0x00007f6550172373 sp=0x00007f6567200cb0 mode 1
Event: 33.508 Executing VM operation: ParallelGCFailedAllocation


Dynamic libraries:
00400000-00401000 r-xp 00000000 08:01 171745                             /usr/lib/jvm/java-8-openjdk-amd64/jre/bin/java
00600000-00601000 r--p 00000000 08:01 171745                             /usr/lib/jvm/java-8-openjdk-amd64/jre/bin/java
00601000-00602000 rw-p 00001000 08:01 171745                             /usr/lib/jvm/java-8-openjdk-amd64/jre/bin/java
01963000-01984000 rw-p 00000000 00:00 0                                  [heap]
d1400000-d3400000 rw-p 00000000 00:00 0 
d3400000-f0700000 ---p 00000000 00:00 0 
f0700000-f3b00000 rw-p 00000000 00:00 0 
f7700000-100000000 ---p 00000000 00:00 0 
100000000-100200000 rw-p 00000000 00:00 0 
100200000-140000000 ---p 00000000 00:00 0 
7f64e8000000-7f64e8021000 rw-p 00000000 00:00 0 
7f64e8021000-7f64ec000000 ---p 00000000 00:00 0 
7f64f0000000-7f64f0aa6000 rw-p 00000000 00:00 0 
7f64f0aa6000-7f64f4000000 ---p 00000000 00:00 0 
7f64f4000000-7f64f4021000 rw-p 00000000 00:00 0 
7f64f4021000-7f64f8000000 ---p 00000000 00:00 0 
7f64f8000000-7f64f8ebd000 rw-p 00000000 00:00 0 
7f64f8ebd000-7f64fc000000 ---p 00000000 00:00 0 
7f64fc000000-7f64fda8a000 rw-p 00000000 00:00 0 
7f64fda8a000-7f6500000000 ---p 00000000 00:00 0 
7f6500000000-7f6500021000 rw-p 00000000 00:00 0 
7f6500021000-7f6504000000 ---p 00000000 00:00 0 
7f6504000000-7f6504fc5000 rw-p 00000000 00:00 0 
7f6504fc5000-7f6508000000 ---p 00000000 00:00 0 
7f6508000000-7f6508021000 rw-p 00000000 00:00 0 
7f6508021000-7f650c000000 ---p 00000000 00:00 0 
7f650c000000-7f650c039000 rw-p 00000000 00:00 0 
7f650c039000-7f6510000000 ---p 00000000 00:00 0 
7f6510000000-7f6510021000 rw-p 00000000 00:00 0 
7f6510021000-7f6514000000 ---p 00000000 00:00 0 
7f6514000000-7f6514021000 rw-p 00000000 00:00 0 
7f6514021000-7f6518000000 ---p 00000000 00:00 0 
7f6518000000-7f6518021000 rw-p 00000000 00:00 0 
7f6518021000-7f651c000000 ---p 00000000 00:00 0 
7f651c000000-7f651c021000 rw-p 00000000 00:00 0 
7f651c021000-7f6520000000 ---p 00000000 00:00 0 
7f6520000000-7f6520021000 rw-p 00000000 00:00 0 
7f6520021000-7f6524000000 ---p 00000000 00:00 0 
7f6528000000-7f6528021000 rw-p 00000000 00:00 0 
7f6528021000-7f652c000000 ---p 00000000 00:00 0 
7f6530000000-7f6530021000 rw-p 00000000 00:00 0 
7f6530021000-7f6534000000 ---p 00000000 00:00 0 
7f653577a000-7f6535781000 r--s 00000000 08:01 275769                     /usr/lib/x86_64-linux-gnu/gconv/gconv-modules.cache
7f6535781000-7f65357a2000 r--p 00000000 08:01 676649                     /usr/share/locale-langpack/zh_CN/LC_MESSAGES/libc.mo
7f65357a2000-7f65357a4000 r--s 0000d000 08:01 453985                     /home/jam/.m2/repository/org/codehaus/plexus/plexus-interpolation/1.13/plexus-interpolation-1.13.jar
7f65357a4000-7f65357a5000 r--s 00001000 08:01 453983                     /home/jam/.m2/repository/org/sonatype/plexus/plexus-build-api/0.0.4/plexus-build-api-0.0.4.jar
7f65357a5000-7f65357a7000 r--s 00009000 08:01 453981                     /home/jam/.m2/repository/org/apache/maven/shared/maven-filtering/1.1/maven-filtering-1.1.jar
7f65357a7000-7f65357ab000 r--s 00033000 08:01 453979                     /home/jam/.m2/repository/org/codehaus/plexus/plexus-utils/2.0.5/plexus-utils-2.0.5.jar
7f65357ab000-7f65357ae000 r--s 0001b000 08:01 453977                     /home/jam/.m2/repository/junit/junit/3.8.1/junit-3.8.1.jar
7f65357ae000-7f65357b0000 r--s 00002000 08:01 453963                     /home/jam/.m2/repository/org/codehaus/plexus/plexus-interactivity-api/1.0-alpha-4/plexus-interactivity-api-1.0-alpha-4.jar
7f65357b0000-7f65357b2000 r--s 00006000 08:01 453959                     /home/jam/.m2/repository/commons-cli/commons-cli/1.0/commons-cli-1.0.jar
7f65357b2000-7f65357b3000 r--s 00001000 08:01 453953                     /home/jam/.m2/repository/org/apache/maven/doxia/doxia-sink-api/1.0-alpha-7/doxia-sink-api-1.0-alpha-7.jar
7f65357b3000-7f65357b4000 r--s 00002000 08:01 453952                     /home/jam/.m2/repository/org/apache/maven/reporting/maven-reporting-api/2.0.6/maven-reporting-api-2.0.6.jar
7f65357b4000-7f65357b6000 r--s 00006000 08:01 453808                     /home/jam/.m2/repository/org/apache/maven/plugins/maven-resources-plugin/2.6/maven-resources-plugin-2.6.jar
7f65357b6000-7f65357c7000 r-xp 00000000 08:01 171706                     /usr/lib/jvm/java-8-openjdk-amd64/jre/lib/amd64/libnio.so
7f65357c7000-7f65359c7000 ---p 00011000 08:01 171706                     /usr/lib/jvm/java-8-openjdk-amd64/jre/lib/amd64/libnio.so
7f65359c7000-7f65359c8000 r--p 00011000 08:01 171706                     /usr/lib/jvm/java-8-openjdk-amd64/jre/lib/amd64/libnio.so
7f65359c8000-7f65359c9000 rw-p 00012000 08:01 171706                     /usr/lib/jvm/java-8-openjdk-amd64/jre/lib/amd64/libnio.so
7f65359c9000-7f6535cca000 rw-p 00000000 00:00 0 
7f6535cca000-7f6535ce1000 r-xp 00000000 08:01 171694                     /usr/lib/jvm/java-8-openjdk-amd64/jre/lib/amd64/libnet.so
7f6535ce1000-7f6535ee0000 ---p 00017000 08:01 171694                     /usr/lib/jvm/java-8-openjdk-amd64/jre/lib/amd64/libnet.so
7f6535ee0000-7f6535ee1000 r--p 00016000 08:01 171694                     /usr/lib/jvm/java-8-openjdk-amd64/jre/lib/amd64/libnet.so
7f6535ee1000-7f6535ee2000 rw-p 00017000 08:01 171694                     /usr/lib/jvm/java-8-openjdk-amd64/jre/lib/amd64/libnet.so
7f6535ee2000-7f65360e2000 rw-p 00000000 00:00 0 
7f65360e2000-7f65360e7000 r--s 0009a000 08:01 171728                     /usr/lib/jvm/java-8-openjdk-amd64/jre/lib/jsse.jar
7f65360e7000-7f65362e7000 rw-p 00000000 00:00 0 
7f65362e7000-7f65364e7000 rw-p 00000000 00:00 0 
7f65364e7000-7f65364e9000 r--s 0000c000 08:01 452132                     /home/jam/work/idea-IC-171.4424.56/plugins/maven/lib/maven3/lib/maven-artifact-3.3.9.jar
7f65364e9000-7f65364ec000 r--s 0000d000 08:01 452161                     /home/jam/work/idea-IC-171.4424.56/plugins/maven/lib/maven3/lib/plexus-interpolation-1.21.jar
7f65364ec000-7f65364ee000 r--s 00002000 08:01 452158                     /home/jam/work/idea-IC-171.4424.56/plugins/maven/lib/maven3/lib/plexus-cipher-1.7.jar
7f65364ee000-7f65364f0000 r--s 00005000 08:01 452109                     /home/jam/work/idea-IC-171.4424.56/plugins/maven/lib/maven3/lib/aether-transport-wagon-1.0.2.v20150114.jar
7f65364f0000-7f65364f1000 r--s 00002000 08:01 452172                     /home/jam/work/idea-IC-171.4424.56/plugins/maven/lib/maven3/lib/wagon-http-shared-2.10.jar
7f65364f1000-7f65364f8000 r--s 00064000 08:01 452119                     /home/jam/work/idea-IC-171.4424.56/plugins/maven/lib/maven3/lib/commons-lang3-3.4.jar
7f65364f8000-7f65364f9000 r--s 0000a000 08:01 452150                     /home/jam/work/idea-IC-171.4424.56/plugins/maven/lib/maven3/lib/maven-settings-3.3.9.jar
7f65364f9000-7f65364fb000 r--s 00009000 08:01 452151                     /home/jam/work/idea-IC-171.4424.56/plugins/maven/lib/maven3/lib/maven-settings-builder-3.3.9.jar
7f65364fb000-7f65364fc000 r--s 00002000 08:01 452169                     /home/jam/work/idea-IC-171.4424.56/plugins/maven/lib/maven3/lib/wagon-file-2.10.jar
7f65364fc000-7f65364fd000 r--s 00001000 08:01 452128                     /home/jam/work/idea-IC-171.4424.56/plugins/maven/lib/maven3/lib/jsr250-api-1.0.jar
7f65364fd000-7f6536500000 r--s 0000b000 08:01 452175                     /home/jam/work/idea-IC-171.4424.56/plugins/maven/lib/maven3/lib/wagon-provider-api-2.10.jar
7f6536500000-7f6536508000 r--s 00055000 08:01 452154                     /home/jam/work/idea-IC-171.4424.56/plugins/maven/lib/maven3/lib/org.eclipse.sisu.inject-0.3.2.jar
7f6536508000-7f653650a000 r--s 00006000 08:01 452107                     /home/jam/work/idea-IC-171.4424.56/plugins/maven/lib/maven3/lib/aether-spi-1.0.2.v20150114.jar
7f653650a000-7f653650e000 r--s 00038000 08:01 452164                     /home/jam/work/idea-IC-171.4424.56/plugins/maven/lib/maven3/lib/plexus-utils-3.0.22.jar
7f653650e000-7f653653c000 r--s 001fa000 08:01 452171                     /home/jam/work/idea-IC-171.4424.56/plugins/maven/lib/maven3/lib/wagon-http-2.10-shaded.jar
7f653653c000-7f653653d000 r--s 00006000 08:01 452162                     /home/jam/work/idea-IC-171.4424.56/plugins/maven/lib/maven3/lib/plexus-sec-dispatcher-1.3.jar
7f653653d000-7f653653f000 r--s 0000a000 08:01 452146                     /home/jam/work/idea-IC-171.4424.56/plugins/maven/lib/maven3/lib/maven-plugin-api-3.3.9.jar
7f653653f000-7f6536540000 r--s 00008000 08:01 452103                     /home/jam/work/idea-IC-171.4424.56/plugins/maven/lib/maven3/lib/aether-connector-basic-1.0.2.v20150114.jar
7f6536540000-7f6536545000 r--s 00027000 08:01 452143                     /home/jam/work/idea-IC-171.4424.56/plugins/maven/lib/maven3/lib/maven-model-builder-3.3.9.jar
7f6536545000-7f653654e000 r--s 0005f000 08:01 452124                     /home/jam/work/idea-IC-171.4424.56/plugins/maven/lib/maven3/lib/guice-4.0-no_aop.jar
7f653654e000-7f6536550000 r--s 00000000 08:01 452113                     /home/jam/work/idea-IC-171.4424.56/plugins/maven/lib/maven3/lib/aopalliance-1.0.jar
7f6536550000-7f6536554000 r--s 00027000 08:01 452117                     /home/jam/work/idea-IC-171.4424.56/plugins/maven/lib/maven3/lib/commons-io-2.2.jar
7f6536554000-7f653655a000 r--s 00042000 08:01 452126                     /home/jam/work/idea-IC-171.4424.56/plugins/maven/lib/maven3/lib/jsoup-1.7.2.jar
7f653655a000-7f653655b000 r--s 00000000 08:01 452125                     /home/jam/work/idea-IC-171.4424.56/plugins/maven/lib/maven3/lib/javax.inject-1.jar
7f653655b000-7f6536568000 r--s 0008f000 08:01 452138                     /home/jam/work/idea-IC-171.4424.56/plugins/maven/lib/maven3/lib/maven-core-3.3.9.jar
7f6536568000-7f6536569000 r--s 00003000 08:01 452134                     /home/jam/work/idea-IC-171.4424.56/plugins/maven/lib/maven3/lib/maven-builder-support-3.3.9.jar
7f6536569000-7f653656b000 r--s 00000000 08:01 452160                     /home/jam/work/idea-IC-171.4424.56/plugins/maven/lib/maven3/lib/plexus-component-annotations-1.6.jar
7f653656b000-7f653656c000 r--s 00002000 08:01 452167                     /home/jam/work/idea-IC-171.4424.56/plugins/maven/lib/maven3/lib/slf4j-simple-1.7.5.jar
7f653656c000-7f6536597000 r--s 001fc000 08:01 452123                     /home/jam/work/idea-IC-171.4424.56/plugins/maven/lib/maven3/lib/guava-18.0.jar
7f6536597000-7f653659b000 r--s 00020000 08:01 452111                     /home/jam/work/idea-IC-171.4424.56/plugins/maven/lib/maven3/lib/aether-util-1.0.2.v20150114.jar
7f653659b000-7f653659e000 r--s 00026000 08:01 452142                     /home/jam/work/idea-IC-171.4424.56/plugins/maven/lib/maven3/lib/maven-model-3.3.9.jar
7f653659e000-7f65365a3000 r--s 0001d000 08:01 452101                     /home/jam/work/idea-IC-171.4424.56/plugins/maven/lib/maven3/lib/aether-api-1.0.2.v20150114.jar
7f65365a3000-7f65365a9000 r--s 0002d000 08:01 452156                     /home/jam/work/idea-IC-171.4424.56/plugins/maven/lib/maven3/lib/org.eclipse.sisu.plexus-0.3.2.jar
7f65365a9000-7f65365ad000 r--s 00027000 08:01 452105                     /home/jam/work/idea-IC-171.4424.56/plugins/maven/lib/maven3/lib/aether-impl-1.0.2.v20150114.jar
7f65365ad000-7f65365c8000 r--s 001d6000 08:01 171663                     /usr/lib/jvm/java-8-openjdk-amd64/jre/lib/ext/nashorn.jar
7f65365c8000-7f65365e3000 r--s 00394000 08:01 171661                     /usr/lib/jvm/java-8-openjdk-amd64/jre/lib/ext/cldrdata.jar
7f65365e3000-7f65365e4000 ---p 00000000 00:00 0 
7f65365e4000-7f65366e4000 rw-p 00000000 00:00 0 
7f65366e4000-7f65366e7000 ---p 00000000 00:00 0 
7f65366e7000-7f65367e5000 rw-p 00000000 00:00 0 
7f65367e5000-7f65367e8000 ---p 00000000 00:00 0 
7f65367e8000-7f65368e6000 rw-p 00000000 00:00 0 
7f65368e6000-7f65368e9000 ---p 00000000 00:00 0 
7f65368e9000-7f65369e7000 rw-p 00000000 00:00 0 
7f65369e7000-7f65369ea000 ---p 00000000 00:00 0 
7f65369ea000-7f6536ae8000 rw-p 00000000 00:00 0 
7f6536ae8000-7f6536aeb000 ---p 00000000 00:00 0 
7f6536aeb000-7f6536be9000 rw-p 00000000 00:00 0 
7f6536be9000-7f6536bec000 ---p 00000000 00:00 0 
7f6536bec000-7f6536cea000 rw-p 00000000 00:00 0 
7f6536cea000-7f6536ced000 ---p 00000000 00:00 0 
7f6536ced000-7f6536deb000 rw-p 00000000 00:00 0 
7f6536deb000-7f6536dee000 ---p 00000000 00:00 0 
7f6536dee000-7f6536eec000 rw-p 00000000 00:00 0 
7f6536eec000-7f6536ef0000 r-xp 00000000 08:01 171703                     /usr/lib/jvm/java-8-openjdk-amd64/jre/lib/amd64/libdt_socket.so
7f6536ef0000-7f65370ef000 ---p 00004000 08:01 171703                     /usr/lib/jvm/java-8-openjdk-amd64/jre/lib/amd64/libdt_socket.so
7f65370ef000-7f65370f0000 r--p 00003000 08:01 171703                     /usr/lib/jvm/java-8-openjdk-amd64/jre/lib/amd64/libdt_socket.so
7f65370f0000-7f65370f1000 rw-p 00004000 08:01 171703                     /usr/lib/jvm/java-8-openjdk-amd64/jre/lib/amd64/libdt_socket.so
7f65370f1000-7f65370f4000 ---p 00000000 00:00 0 
7f65370f4000-7f65371f2000 rw-p 00000000 00:00 0 
7f65371f2000-7f65371f5000 ---p 00000000 00:00 0 
7f65371f5000-7f65372f3000 rw-p 00000000 00:00 0 
7f65372f3000-7f65372f6000 ---p 00000000 00:00 0 
7f65372f6000-7f65373f4000 rw-p 00000000 00:00 0 
7f65373f4000-7f65373f5000 ---p 00000000 00:00 0 
7f65373f5000-7f6538000000 rw-p 00000000 00:00 0 
7f6538000000-7f6538021000 rw-p 00000000 00:00 0 
7f6538021000-7f653c000000 ---p 00000000 00:00 0 
7f653c000000-7f653c021000 rw-p 00000000 00:00 0 
7f653c021000-7f6540000000 ---p 00000000 00:00 0 
7f6540000000-7f6540021000 rw-p 00000000 00:00 0 
7f6540021000-7f6544000000 ---p 00000000 00:00 0 
7f6544000000-7f6544021000 rw-p 00000000 00:00 0 
7f6544021000-7f6548000000 ---p 00000000 00:00 0 
7f6548000000-7f6548021000 rw-p 00000000 00:00 0 
7f6548021000-7f654c000000 ---p 00000000 00:00 0 
7f654c000000-7f654c003000 r--s 00008000 08:01 452114                     /home/jam/work/idea-IC-171.4424.56/plugins/maven/lib/maven3/lib/cdi-api-1.0.jar
7f654c003000-7f654c005000 r--s 0000f000 08:01 452130                     /home/jam/work/idea-IC-171.4424.56/plugins/maven/lib/maven3/lib/maven-aether-provider-3.3.9.jar
7f654c005000-7f654c00a000 r--s 00041000 08:01 452118                     /home/jam/work/idea-IC-171.4424.56/plugins/maven/lib/maven3/lib/commons-lang-2.6.jar
7f654c00a000-7f654c00c000 r--s 00009000 08:01 452116                     /home/jam/work/idea-IC-171.4424.56/plugins/maven/lib/maven3/lib/commons-cli-1.2.jar
7f654c00c000-7f654c012000 r--s 00041000 08:01 452136                     /home/jam/work/idea-IC-171.4424.56/plugins/maven/lib/maven3/lib/maven-compat-3.3.9.jar
7f654c012000-7f654c013000 r--s 00006000 08:01 452148                     /home/jam/work/idea-IC-171.4424.56/plugins/maven/lib/maven3/lib/maven-repository-metadata-3.3.9.jar
7f654c013000-7f654c015000 r--s 00005000 08:01 452165                     /home/jam/work/idea-IC-171.4424.56/plugins/maven/lib/maven3/lib/slf4j-api-1.7.5.jar
7f654c015000-7f654d14e000 rw-p 00000000 00:00 0 
7f654d14e000-7f654d31d000 r--s 03c07000 08:01 171708                     /usr/lib/jvm/java-8-openjdk-amd64/jre/lib/rt.jar
7f654d31d000-7f654f469000 rw-p 00000000 00:00 0 
7f654f469000-7f654f46a000 ---p 00000000 00:00 0 
7f654f46a000-7f654f56a000 rw-p 00000000 00:00 0 
7f654f56a000-7f654f56b000 ---p 00000000 00:00 0 
7f654f56b000-7f654f66b000 rw-p 00000000 00:00 0 
7f654f66b000-7f654f66c000 ---p 00000000 00:00 0 
7f654f66c000-7f654f76c000 rw-p 00000000 00:00 0 
7f654f76c000-7f654f76d000 ---p 00000000 00:00 0 
7f654f76d000-7f654f86d000 rw-p 00000000 00:00 0 
7f654f86d000-7f654f86e000 ---p 00000000 00:00 0 
7f654f86e000-7f654f96e000 rw-p 00000000 00:00 0 
7f654f96e000-7f654f96f000 ---p 00000000 00:00 0 
7f654f96f000-7f654fa6f000 rw-p 00000000 00:00 0 
7f654fa6f000-7f654fa70000 ---p 00000000 00:00 0 
7f654fa70000-7f654fb70000 rw-p 00000000 00:00 0 
7f654fb70000-7f654fb71000 ---p 00000000 00:00 0 
7f654fb71000-7f654fc81000 rw-p 00000000 00:00 0 
7f654fc81000-7f654fd6b000 ---p 00000000 00:00 0 
7f654fd6b000-7f654fd8d000 rw-p 00000000 00:00 0 
7f654fd8d000-7f655012b000 ---p 00000000 00:00 0 
7f655012b000-7f655097b000 rwxp 00000000 00:00 0 
7f655097b000-7f655f12b000 ---p 00000000 00:00 0 
7f655f12b000-7f655f133000 r-xp 00000000 08:01 171685                     /usr/lib/jvm/java-8-openjdk-amd64/jre/lib/amd64/libzip.so
7f655f133000-7f655f332000 ---p 00008000 08:01 171685                     /usr/lib/jvm/java-8-openjdk-amd64/jre/lib/amd64/libzip.so
7f655f332000-7f655f333000 r--p 00007000 08:01 171685                     /usr/lib/jvm/java-8-openjdk-amd64/jre/lib/amd64/libzip.so
7f655f333000-7f655f334000 rw-p 00008000 08:01 171685                     /usr/lib/jvm/java-8-openjdk-amd64/jre/lib/amd64/libzip.so
7f655f334000-7f655f33f000 r-xp 00000000 08:01 393769                     /lib/x86_64-linux-gnu/libnss_files-2.23.so
7f655f33f000-7f655f53e000 ---p 0000b000 08:01 393769                     /lib/x86_64-linux-gnu/libnss_files-2.23.so
7f655f53e000-7f655f53f000 r--p 0000a000 08:01 393769                     /lib/x86_64-linux-gnu/libnss_files-2.23.so
7f655f53f000-7f655f540000 rw-p 0000b000 08:01 393769                     /lib/x86_64-linux-gnu/libnss_files-2.23.so
7f655f540000-7f655f546000 rw-p 00000000 00:00 0 
7f655f546000-7f655f551000 r-xp 00000000 08:01 393760                     /lib/x86_64-linux-gnu/libnss_nis-2.23.so
7f655f551000-7f655f750000 ---p 0000b000 08:01 393760                     /lib/x86_64-linux-gnu/libnss_nis-2.23.so
7f655f750000-7f655f751000 r--p 0000a000 08:01 393760                     /lib/x86_64-linux-gnu/libnss_nis-2.23.so
7f655f751000-7f655f752000 rw-p 0000b000 08:01 393760                     /lib/x86_64-linux-gnu/libnss_nis-2.23.so
7f655f752000-7f655f768000 r-xp 00000000 08:01 393762                     /lib/x86_64-linux-gnu/libnsl-2.23.so
7f655f768000-7f655f967000 ---p 00016000 08:01 393762                     /lib/x86_64-linux-gnu/libnsl-2.23.so
7f655f967000-7f655f968000 r--p 00015000 08:01 393762                     /lib/x86_64-linux-gnu/libnsl-2.23.so
7f655f968000-7f655f969000 rw-p 00016000 08:01 393762                     /lib/x86_64-linux-gnu/libnsl-2.23.so
7f655f969000-7f655f96b000 rw-p 00000000 00:00 0 
7f655f96b000-7f655f973000 r-xp 00000000 08:01 393773                     /lib/x86_64-linux-gnu/libnss_compat-2.23.so
7f655f973000-7f655fb72000 ---p 00008000 08:01 393773                     /lib/x86_64-linux-gnu/libnss_compat-2.23.so
7f655fb72000-7f655fb73000 r--p 00007000 08:01 393773                     /lib/x86_64-linux-gnu/libnss_compat-2.23.so
7f655fb73000-7f655fb74000 rw-p 00008000 08:01 393773                     /lib/x86_64-linux-gnu/libnss_compat-2.23.so
7f655fb74000-7f6560000000 r--p 00000000 08:01 12139                      /usr/lib/locale/locale-archive
7f6560000000-7f6560b03000 rw-p 00000000 00:00 0 
7f6560b03000-7f6564000000 ---p 00000000 00:00 0 
7f6564000000-7f6564003000 r--s 00013000 08:01 452140                     /home/jam/work/idea-IC-171.4424.56/plugins/maven/lib/maven3/lib/maven-embedder-3.3.9.jar
7f6564003000-7f6564005000 r--s 0001a000 08:01 414256                     /home/jam/work/idea-IC-171.4424.56/lib/idea_rt.jar
7f6564005000-7f6564007000 r--s 0000b000 08:01 452094                     /home/jam/work/idea-IC-171.4424.56/plugins/maven/lib/maven3/boot/plexus-classworlds-2.5.2.jar
7f6564007000-7f6564011000 r--s 00116000 08:01 171662                     /usr/lib/jvm/java-8-openjdk-amd64/jre/lib/ext/localedata.jar
7f6564011000-7f6564013000 r--s 00008000 08:01 171658                     /usr/lib/jvm/java-8-openjdk-amd64/jre/lib/ext/sunec.jar
7f6564013000-7f6564015000 r--s 00001000 08:01 171654                     /usr/lib/jvm/java-8-openjdk-amd64/jre/lib/ext/dnsns.jar
7f6564015000-7f6564025000 rw-p 00000000 00:00 0 
7f6564025000-7f656410e000 ---p 00000000 00:00 0 
7f656410e000-7f6564129000 rw-p 00000000 00:00 0 
7f6564129000-7f656418b000 ---p 00000000 00:00 0 
7f656418b000-7f656418c000 rw-p 00000000 00:00 0 
7f656418c000-7f656418e000 r-xp 00000000 08:01 171689                     /usr/lib/jvm/java-8-openjdk-amd64/jre/lib/amd64/libnpt.so
7f656418e000-7f656438e000 ---p 00002000 08:01 171689                     /usr/lib/jvm/java-8-openjdk-amd64/jre/lib/amd64/libnpt.so
7f656438e000-7f656438f000 r--p 00002000 08:01 171689                     /usr/lib/jvm/java-8-openjdk-amd64/jre/lib/amd64/libnpt.so
7f656438f000-7f6564390000 rw-p 00003000 08:01 171689                     /usr/lib/jvm/java-8-openjdk-amd64/jre/lib/amd64/libnpt.so
7f6564390000-7f65643cb000 r-xp 00000000 08:01 171701                     /usr/lib/jvm/java-8-openjdk-amd64/jre/lib/amd64/libjdwp.so
7f65643cb000-7f65645ca000 ---p 0003b000 08:01 171701                     /usr/lib/jvm/java-8-openjdk-amd64/jre/lib/amd64/libjdwp.so
7f65645ca000-7f65645cb000 r--p 0003a000 08:01 171701                     /usr/lib/jvm/java-8-openjdk-amd64/jre/lib/amd64/libjdwp.so
7f65645cb000-7f65645cc000 rw-p 0003b000 08:01 171701                     /usr/lib/jvm/java-8-openjdk-amd64/jre/lib/amd64/libjdwp.so
7f65645cc000-7f65645f9000 r-xp 00000000 08:01 171680                     /usr/lib/jvm/java-8-openjdk-amd64/jre/lib/amd64/libjava.so
7f65645f9000-7f65647f8000 ---p 0002d000 08:01 171680                     /usr/lib/jvm/java-8-openjdk-amd64/jre/lib/amd64/libjava.so
7f65647f8000-7f65647f9000 r--p 0002c000 08:01 171680                     /usr/lib/jvm/java-8-openjdk-amd64/jre/lib/amd64/libjava.so
7f65647f9000-7f65647fb000 rw-p 0002d000 08:01 171680                     /usr/lib/jvm/java-8-openjdk-amd64/jre/lib/amd64/libjava.so
7f65647fb000-7f656480a000 r-xp 00000000 08:01 171677                     /usr/lib/jvm/java-8-openjdk-amd64/jre/lib/amd64/libverify.so
7f656480a000-7f6564a09000 ---p 0000f000 08:01 171677                     /usr/lib/jvm/java-8-openjdk-amd64/jre/lib/amd64/libverify.so
7f6564a09000-7f6564a0b000 r--p 0000e000 08:01 171677                     /usr/lib/jvm/java-8-openjdk-amd64/jre/lib/amd64/libverify.so
7f6564a0b000-7f6564a0c000 rw-p 00010000 08:01 171677                     /usr/lib/jvm/java-8-openjdk-amd64/jre/lib/amd64/libverify.so
7f6564a0c000-7f6564a13000 r-xp 00000000 08:01 393777                     /lib/x86_64-linux-gnu/librt-2.23.so
7f6564a13000-7f6564c12000 ---p 00007000 08:01 393777                     /lib/x86_64-linux-gnu/librt-2.23.so
7f6564c12000-7f6564c13000 r--p 00006000 08:01 393777                     /lib/x86_64-linux-gnu/librt-2.23.so
7f6564c13000-7f6564c14000 rw-p 00007000 08:01 393777                     /lib/x86_64-linux-gnu/librt-2.23.so
7f6564c14000-7f6564c2a000 r-xp 00000000 08:01 397983                     /lib/x86_64-linux-gnu/libgcc_s.so.1
7f6564c2a000-7f6564e29000 ---p 00016000 08:01 397983                     /lib/x86_64-linux-gnu/libgcc_s.so.1
7f6564e29000-7f6564e2a000 rw-p 00015000 08:01 397983                     /lib/x86_64-linux-gnu/libgcc_s.so.1
7f6564e2a000-7f6564f32000 r-xp 00000000 08:01 393761                     /lib/x86_64-linux-gnu/libm-2.23.so
7f6564f32000-7f6565131000 ---p 00108000 08:01 393761                     /lib/x86_64-linux-gnu/libm-2.23.so
7f6565131000-7f6565132000 r--p 00107000 08:01 393761                     /lib/x86_64-linux-gnu/libm-2.23.so
7f6565132000-7f6565133000 rw-p 00108000 08:01 393761                     /lib/x86_64-linux-gnu/libm-2.23.so
7f6565133000-7f65652a5000 r-xp 00000000 08:01 10013                      /usr/lib/x86_64-linux-gnu/libstdc++.so.6.0.21
7f65652a5000-7f65654a5000 ---p 00172000 08:01 10013                      /usr/lib/x86_64-linux-gnu/libstdc++.so.6.0.21
7f65654a5000-7f65654af000 r--p 00172000 08:01 10013                      /usr/lib/x86_64-linux-gnu/libstdc++.so.6.0.21
7f65654af000-7f65654b1000 rw-p 0017c000 08:01 10013                      /usr/lib/x86_64-linux-gnu/libstdc++.so.6.0.21
7f65654b1000-7f65654b5000 rw-p 00000000 00:00 0 
7f65654b5000-7f6566106000 r-xp 00000000 08:01 171676                     /usr/lib/jvm/java-8-openjdk-amd64/jre/lib/amd64/server/libjvm.so
7f6566106000-7f6566306000 ---p 00c51000 08:01 171676                     /usr/lib/jvm/java-8-openjdk-amd64/jre/lib/amd64/server/libjvm.so
7f6566306000-7f6566399000 r--p 00c51000 08:01 171676                     /usr/lib/jvm/java-8-openjdk-amd64/jre/lib/amd64/server/libjvm.so
7f6566399000-7f65663c2000 rw-p 00ce4000 08:01 171676                     /usr/lib/jvm/java-8-openjdk-amd64/jre/lib/amd64/server/libjvm.so
7f65663c2000-7f65663f2000 rw-p 00000000 00:00 0 
7f65663f2000-7f656640a000 r-xp 00000000 08:01 393794                     /lib/x86_64-linux-gnu/libpthread-2.23.so
7f656640a000-7f6566609000 ---p 00018000 08:01 393794                     /lib/x86_64-linux-gnu/libpthread-2.23.so
7f6566609000-7f656660a000 r--p 00017000 08:01 393794                     /lib/x86_64-linux-gnu/libpthread-2.23.so
7f656660a000-7f656660b000 rw-p 00018000 08:01 393794                     /lib/x86_64-linux-gnu/libpthread-2.23.so
7f656660b000-7f656660f000 rw-p 00000000 00:00 0 
7f656660f000-7f6566612000 r-xp 00000000 08:01 393759                     /lib/x86_64-linux-gnu/libdl-2.23.so
7f6566612000-7f6566811000 ---p 00003000 08:01 393759                     /lib/x86_64-linux-gnu/libdl-2.23.so
7f6566811000-7f6566812000 r--p 00002000 08:01 393759                     /lib/x86_64-linux-gnu/libdl-2.23.so
7f6566812000-7f6566813000 rw-p 00003000 08:01 393759                     /lib/x86_64-linux-gnu/libdl-2.23.so
7f6566813000-7f656682c000 r-xp 00000000 08:01 398333                     /lib/x86_64-linux-gnu/libz.so.1.2.8
7f656682c000-7f6566a2b000 ---p 00019000 08:01 398333                     /lib/x86_64-linux-gnu/libz.so.1.2.8
7f6566a2b000-7f6566a2c000 r--p 00018000 08:01 398333                     /lib/x86_64-linux-gnu/libz.so.1.2.8
7f6566a2c000-7f6566a2d000 rw-p 00019000 08:01 398333                     /lib/x86_64-linux-gnu/libz.so.1.2.8
7f6566a2d000-7f6566bec000 r-xp 00000000 08:01 393763                     /lib/x86_64-linux-gnu/libc-2.23.so
7f6566bec000-7f6566dec000 ---p 001bf000 08:01 393763                     /lib/x86_64-linux-gnu/libc-2.23.so
7f6566dec000-7f6566df0000 r--p 001bf000 08:01 393763                     /lib/x86_64-linux-gnu/libc-2.23.so
7f6566df0000-7f6566df2000 rw-p 001c3000 08:01 393763                     /lib/x86_64-linux-gnu/libc-2.23.so
7f6566df2000-7f6566df6000 rw-p 00000000 00:00 0 
7f6566df6000-7f6566e03000 r-xp 00000000 08:01 171693                     /usr/lib/jvm/java-8-openjdk-amd64/jre/lib/amd64/jli/libjli.so
7f6566e03000-7f6567003000 ---p 0000d000 08:01 171693                     /usr/lib/jvm/java-8-openjdk-amd64/jre/lib/amd64/jli/libjli.so
7f6567003000-7f6567004000 r--p 0000d000 08:01 171693                     /usr/lib/jvm/java-8-openjdk-amd64/jre/lib/amd64/jli/libjli.so
7f6567004000-7f6567005000 rw-p 0000e000 08:01 171693                     /usr/lib/jvm/java-8-openjdk-amd64/jre/lib/amd64/jli/libjli.so
7f6567005000-7f656702b000 r-xp 00000000 08:01 393766                     /lib/x86_64-linux-gnu/ld-2.23.so
7f656702b000-7f6567030000 r--s 0003b000 08:01 171659                     /usr/lib/jvm/java-8-openjdk-amd64/jre/lib/ext/sunjce_provider.jar
7f6567030000-7f6567033000 r--s 0000f000 08:01 171660                     /usr/lib/jvm/java-8-openjdk-amd64/jre/lib/ext/icedtea-sound.jar
7f6567033000-7f6567103000 rw-p 00000000 00:00 0 
7f6567103000-7f6567106000 ---p 00000000 00:00 0 
7f6567106000-7f6567209000 rw-p 00000000 00:00 0 
7f6567209000-7f656720a000 r--s 0000a000 08:01 171655                     /usr/lib/jvm/java-8-openjdk-amd64/jre/lib/ext/jaccess.jar
7f656720a000-7f656720b000 r--s 00010000 08:01 171657                     /usr/lib/jvm/java-8-openjdk-amd64/jre/lib/ext/zipfs.jar
7f656720b000-7f656720f000 r--s 00037000 08:01 171656                     /usr/lib/jvm/java-8-openjdk-amd64/jre/lib/ext/sunpkcs11.jar
7f656720f000-7f656721e000 rw-p 00000000 00:00 0 
7f656721e000-7f6567226000 rw-s 00000000 08:01 554569                     /tmp/hsperfdata_jam/9552
7f6567226000-7f6567227000 rw-p 00000000 00:00 0 
7f6567227000-7f6567228000 ---p 00000000 00:00 0 
7f6567228000-7f656722a000 rw-p 00000000 00:00 0 
7f656722a000-7f656722b000 r--p 00025000 08:01 393766                     /lib/x86_64-linux-gnu/ld-2.23.so
7f656722b000-7f656722c000 rw-p 00026000 08:01 393766                     /lib/x86_64-linux-gnu/ld-2.23.so
7f656722c000-7f656722d000 rw-p 00000000 00:00 0 
7fff6c682000-7fff6c6a3000 rw-p 00000000 00:00 0                          [stack]
7fff6c795000-7fff6c797000 r--p 00000000 00:00 0                          [vvar]
7fff6c797000-7fff6c799000 r-xp 00000000 00:00 0                          [vdso]
ffffffffff600000-ffffffffff601000 r-xp 00000000 00:00 0                  [vsyscall]

VM Arguments:
jvm_args: -agentlib:jdwp=transport=dt_socket,address=127.0.0.1:45340,suspend=y,server=n -Dmaven.multiModuleProjectDirectory=/home/jam/IdeaProjects/newWeb -Dmaven.home=/home/jam/work/idea-IC-171.4424.56/plugins/maven/lib/maven3 -Dclassworlds.conf=/home/jam/work/idea-IC-171.4424.56/plugins/maven/lib/maven3/bin/m2.conf -Dfile.encoding=UTF-8 
java_command: org.codehaus.classworlds.Launcher -Didea.version=2017.1.3 -DskipTests=true jetty:run
java_class_path (initial): /home/jam/work/idea-IC-171.4424.56/plugins/maven/lib/maven3/boot/plexus-classworlds-2.5.2.jar:/home/jam/work/idea-IC-171.4424.56/lib/idea_rt.jar
Launcher Type: SUN_STANDARD

Environment Variables:
PATH=/home/jam/bin:/home/jam/.local/bin:/usr/local/sbin:/usr/local/bin:/usr/sbin:/usr/bin:/sbin:/bin:/usr/games:/usr/local/games:/snap/bin
USERNAME=jam
LD_LIBRARY_PATH=/home/jam/work/idea-IC-171.4424.56/bin:
SHELL=/bin/bash
DISPLAY=:1

Signal Handlers:
SIGSEGV: [libjvm.so+0xa67f40], sa_mask[0]=11111111011111111101111111111110, sa_flags=SA_RESTART|SA_SIGINFO
SIGBUS: [libjvm.so+0xa67f40], sa_mask[0]=11111111011111111101111111111110, sa_flags=SA_RESTART|SA_SIGINFO
SIGFPE: [libjvm.so+0x8b0ec0], sa_mask[0]=11111111011111111101111111111110, sa_flags=SA_RESTART|SA_SIGINFO
SIGPIPE: [libjvm.so+0x8b0ec0], sa_mask[0]=11111111011111111101111111111110, sa_flags=SA_RESTART|SA_SIGINFO
SIGXFSZ: [libjvm.so+0x8b0ec0], sa_mask[0]=11111111011111111101111111111110, sa_flags=SA_RESTART|SA_SIGINFO
SIGILL: [libjvm.so+0x8b0ec0], sa_mask[0]=11111111011111111101111111111110, sa_flags=SA_RESTART|SA_SIGINFO
SIGUSR1: SIG_DFL, sa_mask[0]=00000000000000000000000000000000, sa_flags=none
SIGUSR2: [libjvm.so+0x8b0d70], sa_mask[0]=00100000000000000000000000000000, sa_flags=SA_RESTART|SA_SIGINFO
SIGHUP: [libjvm.so+0x8b1240], sa_mask[0]=11111111011111111101111111111110, sa_flags=SA_RESTART|SA_SIGINFO
SIGINT: [libjvm.so+0x8b1240], sa_mask[0]=11111111011111111101111111111110, sa_flags=SA_RESTART|SA_SIGINFO
SIGTERM: [libjvm.so+0x8b1240], sa_mask[0]=11111111011111111101111111111110, sa_flags=SA_RESTART|SA_SIGINFO
SIGQUIT: [libjvm.so+0x8b1240], sa_mask[0]=11111111011111111101111111111110, sa_flags=SA_RESTART|SA_SIGINFO


---------------  S Y S T E M  ---------------

OS:DISTRIB_ID=Zorin
DISTRIB_RELEASE=12
DISTRIB_CODENAME=xenial
DISTRIB_DESCRIPTION="Zorin OS 12.1"

uname:Linux 4.4.0-78-generic #99-Ubuntu SMP Thu Apr 27 15:29:09 UTC 2017 x86_64
libc:glibc 2.23 NPTL 2.23 
rlimit: STACK 8192k, CORE 0k, NPROC 11805, NOFILE 65536, AS infinity
load average:6.18 1.86 0.84

/proc/meminfo:
MemTotal:        3062660 kB
MemFree:           58968 kB
MemAvailable:      16884 kB
Buffers:            1172 kB
Cached:            52840 kB
SwapCached:          872 kB
Active:          1912356 kB
Inactive:         492696 kB
Active(anon):    1893384 kB
Inactive(anon):   474212 kB
Active(file):      18972 kB
Inactive(file):    18484 kB
Unevictable:         568 kB
Mlocked:             568 kB
SwapTotal:       1479676 kB
SwapFree:              0 kB
Dirty:                 0 kB
Writeback:             0 kB
AnonPages:       2352156 kB
Mapped:            48592 kB
Shmem:             15268 kB
Slab:              98608 kB
SReclaimable:      37004 kB
SUnreclaim:        61604 kB
KernelStack:       16784 kB
PageTables:        56828 kB
NFS_Unstable:          0 kB
Bounce:                0 kB
WritebackTmp:          0 kB
CommitLimit:     3011004 kB
Committed_AS:    9016260 kB
VmallocTotal:   34359738367 kB
VmallocUsed:           0 kB
VmallocChunk:          0 kB
HardwareCorrupted:     0 kB
AnonHugePages:   1019904 kB
CmaTotal:              0 kB
CmaFree:               0 kB
HugePages_Total:       0
HugePages_Free:        0
HugePages_Rsvd:        0
HugePages_Surp:        0
Hugepagesize:       2048 kB
DirectMap4k:      124800 kB
DirectMap2M:     3020800 kB


CPU:total 8 (initial active 8) (2 cores per cpu, 1 threads per core) family 6 model 58 stepping 9, cmov, cx8, fxsr, mmx, sse, sse2, sse3, ssse3, sse4.1, sse4.2, popcnt, avx, aes, clmul, erms, tsc, tscinvbit, tscinv

/proc/cpuinfo:
processor	: 0
vendor_id	: GenuineIntel
cpu family	: 6
model		: 58
model name	: Intel(R) Core(TM) i7-3770 CPU @ 3.40GHz
stepping	: 9
microcode	: 0x1b
cpu MHz		: 3401.000
cache size	: 8192 KB
physical id	: 0
siblings	: 2
core id		: 0
cpu cores	: 2
apicid		: 0
initial apicid	: 0
fpu		: yes
fpu_exception	: yes
cpuid level	: 13
wp		: yes
flags		: fpu vme de pse tsc msr pae mce cx8 apic sep mtrr pge mca cmov pat pse36 clflush dts mmx fxsr sse sse2 ss ht syscall nx rdtscp lm constant_tsc arch_perfmon pebs bts nopl xtopology tsc_reliable nonstop_tsc aperfmperf pni pclmulqdq ssse3 cx16 pcid sse4_1 sse4_2 x2apic popcnt tsc_deadline_timer aes xsave avx f16c rdrand hypervisor lahf_lm epb fsgsbase tsc_adjust smep dtherm ida arat pln pts
bugs		:
bogomips	: 6802.00
clflush size	: 64
cache_alignment	: 64
address sizes	: 42 bits physical, 48 bits virtual
power management:

processor	: 1
vendor_id	: GenuineIntel
cpu family	: 6
model		: 58
model name	: Intel(R) Core(TM) i7-3770 CPU @ 3.40GHz
stepping	: 9
microcode	: 0x1b
cpu MHz		: 3401.000
cache size	: 8192 KB
physical id	: 0
siblings	: 2
core id		: 1
cpu cores	: 2
apicid		: 1
initial apicid	: 1
fpu		: yes
fpu_exception	: yes
cpuid level	: 13
wp		: yes
flags		: fpu vme de pse tsc msr pae mce cx8 apic sep mtrr pge mca cmov pat pse36 clflush dts mmx fxsr sse sse2 ss ht syscall nx rdtscp lm constant_tsc arch_perfmon pebs bts nopl xtopology tsc_reliable nonstop_tsc aperfmperf pni pclmulqdq ssse3 cx16 pcid sse4_1 sse4_2 x2apic popcnt tsc_deadline_timer aes xsave avx f16c rdrand hypervisor lahf_lm epb fsgsbase tsc_adjust smep dtherm ida arat pln pts
bugs		:
bogomips	: 6802.00
clflush size	: 64
cache_alignment	: 64
address sizes	: 42 bits physical, 48 bits virtual
power management:

processor	: 2
vendor_id	: GenuineIntel
cpu family	: 6
model		: 58
model name	: Intel(R) Core(TM) i7-3770 CPU @ 3.40GHz
stepping	: 9
microcode	: 0x1b
cpu MHz		: 3401.000
cache size	: 8192 KB
physical id	: 1
siblings	: 2
core id		: 0
cpu cores	: 2
apicid		: 2
initial apicid	: 2
fpu		: yes
fpu_exception	: yes
cpuid level	: 13
wp		: yes
flags		: fpu vme de pse tsc msr pae mce cx8 apic sep mtrr pge mca cmov pat pse36 clflush dts mmx fxsr sse sse2 ss ht syscall nx rdtscp lm constant_tsc arch_perfmon pebs bts nopl xtopology tsc_reliable nonstop_tsc aperfmperf pni pclmulqdq ssse3 cx16 pcid sse4_1 sse4_2 x2apic popcnt tsc_deadline_timer aes xsave avx f16c rdrand hypervisor lahf_lm epb fsgsbase tsc_adjust smep dtherm ida arat pln pts
bugs		:
bogomips	: 6802.00
clflush size	: 64
cache_alignment	: 64
address sizes	: 42 bits physical, 48 bits virtual
power management:

processor	: 3
vendor_id	: GenuineIntel
cpu family	: 6
model		: 58
model name	: Intel(R) Core(TM) i7-3770 CPU @ 3.40GHz
stepping	: 9
microcode	: 0x1b
cpu MHz		: 3401.000
cache size	: 8192 KB
physical id	: 1
siblings	: 2
core id		: 1
cpu cores	: 2
apicid		: 3
initial apicid	: 3
fpu		: yes
fpu_exception	: yes
cpuid level	: 13
wp		: yes
flags		: fpu vme de pse tsc msr pae mce cx8 apic sep mtrr pge mca cmov pat pse36 clflush dts mmx fxsr sse sse2 ss ht syscall nx rdtscp lm constant_tsc arch_perfmon pebs bts nopl xtopology tsc_reliable nonstop_tsc aperfmperf pni pclmulqdq ssse3 cx16 pcid sse4_1 sse4_2 x2apic popcnt tsc_deadline_timer aes xsave avx f16c rdrand hypervisor lahf_lm epb fsgsbase tsc_adjust smep dtherm ida arat pln pts
bugs		:
bogomips	: 6802.00
clflush size	: 64
cache_alignment	: 64
address sizes	: 42 bits physical, 48 bits virtual
power management:

processor	: 4
vendor_id	: GenuineIntel
cpu family	: 6
model		: 58
model name	: Intel(R) Core(TM) i7-3770 CPU @ 3.40GHz
stepping	: 9
microcode	: 0x1b
cpu MHz		: 3401.000
cache size	: 8192 KB
physical id	: 2
siblings	: 2
core id		: 0
cpu cores	: 2
apicid		: 4
initial apicid	: 4
fpu		: yes
fpu_exception	: yes
cpuid level	: 13
wp		: yes
flags		: fpu vme de pse tsc msr pae mce cx8 apic sep mtrr pge mca cmov pat pse36 clflush dts mmx fxsr sse sse2 ss ht syscall nx rdtscp lm constant_tsc arch_perfmon pebs bts nopl xtopology tsc_reliable nonstop_tsc aperfmperf pni pclmulqdq ssse3 cx16 pcid sse4_1 sse4_2 x2apic popcnt tsc_deadline_timer aes xsave avx f16c rdrand hypervisor lahf_lm epb fsgsbase tsc_adjust smep dtherm ida arat pln pts
bugs		:
bogomips	: 6802.00
clflush size	: 64
cache_alignment	: 64
address sizes	: 42 bits physical, 48 bits virtual
power management:

processor	: 5
vendor_id	: GenuineIntel
cpu family	: 6
model		: 58
model name	: Intel(R) Core(TM) i7-3770 CPU @ 3.40GHz
stepping	: 9
microcode	: 0x1b
cpu MHz		: 3401.000
cache size	: 8192 KB
physical id	: 2
siblings	: 2
core id		: 1
cpu cores	: 2
apicid		: 5
initial apicid	: 5
fpu		: yes
fpu_exception	: yes
cpuid level	: 13
wp		: yes
flags		: fpu vme de pse tsc msr pae mce cx8 apic sep mtrr pge mca cmov pat pse36 clflush dts mmx fxsr sse sse2 ss ht syscall nx rdtscp lm constant_tsc arch_perfmon pebs bts nopl xtopology tsc_reliable nonstop_tsc aperfmperf pni pclmulqdq ssse3 cx16 pcid sse4_1 sse4_2 x2apic popcnt tsc_deadline_timer aes xsave avx f16c rdrand hypervisor lahf_lm epb fsgsbase tsc_adjust smep dtherm ida arat pln pts
bugs		:
bogomips	: 6802.00
clflush size	: 64
cache_alignment	: 64
address sizes	: 42 bits physical, 48 bits virtual
power management:

processor	: 6
vendor_id	: GenuineIntel
cpu family	: 6
model		: 58
model name	: Intel(R) Core(TM) i7-3770 CPU @ 3.40GHz
stepping	: 9
microcode	: 0x1b
cpu MHz		: 3401.000
cache size	: 8192 KB
physical id	: 3
siblings	: 2
core id		: 0
cpu cores	: 2
apicid		: 6
initial apicid	: 6
fpu		: yes
fpu_exception	: yes
cpuid level	: 13
wp		: yes
flags		: fpu vme de pse tsc msr pae mce cx8 apic sep mtrr pge mca cmov pat pse36 clflush dts mmx fxsr sse sse2 ss ht syscall nx rdtscp lm constant_tsc arch_perfmon pebs bts nopl xtopology tsc_reliable nonstop_tsc aperfmperf pni pclmulqdq ssse3 cx16 pcid sse4_1 sse4_2 x2apic popcnt tsc_deadline_timer aes xsave avx f16c rdrand hypervisor lahf_lm epb fsgsbase tsc_adjust smep dtherm ida arat pln pts
bugs		:
bogomips	: 6802.00
clflush size	: 64
cache_alignment	: 64
address sizes	: 42 bits physical, 48 bits virtual
power management:

processor	: 7
vendor_id	: GenuineIntel
cpu family	: 6
model		: 58
model name	: Intel(R) Core(TM) i7-3770 CPU @ 3.40GHz
stepping	: 9
microcode	: 0x1b
cpu MHz		: 3401.000
cache size	: 8192 KB
physical id	: 3
siblings	: 2
core id		: 1
cpu cores	: 2
apicid		: 7
initial apicid	: 7
fpu		: yes
fpu_exception	: yes
cpuid level	: 13
wp		: yes
flags		: fpu vme de pse tsc msr pae mce cx8 apic sep mtrr pge mca cmov pat pse36 clflush dts mmx fxsr sse sse2 ss ht syscall nx rdtscp lm constant_tsc arch_perfmon pebs bts nopl xtopology tsc_reliable nonstop_tsc aperfmperf pni pclmulqdq ssse3 cx16 pcid sse4_1 sse4_2 x2apic popcnt tsc_deadline_timer aes xsave avx f16c rdrand hypervisor lahf_lm epb fsgsbase tsc_adjust smep dtherm ida arat pln pts
bugs		:
bogomips	: 6802.00
clflush size	: 64
cache_alignment	: 64
address sizes	: 42 bits physical, 48 bits virtual
power management:



Memory: 4k page, physical 3062660k(59308k free), swap 1479676k(0k free)

vm_info: OpenJDK 64-Bit Server VM (25.131-b11) for linux-amd64 JRE (1.8.0_131-8u131-b11-0ubuntu1.16.04.2-b11), built on May  6 2017 02:45:27 by "buildd" with gcc 5.4.0 20160609

time: Sun Jun  4 20:05:31 2017
elapsed time: 33 seconds (0d 0h 0m 33s)

